;  LST file generated by mikroListExporter - v.2.0 
; Date/Time: 04/09/2024 20:27:18
;----------------------------------------------

;Address Opcode 	ASM
0x0000	0xF000EF0E  	GOTO        28
0x0004	0x0000      	NOP
0x0006	0x0000      	NOP
0x0008	0xF000EF00  	GOTO        0
0x000C	0x0000      	NOP
0x000E	0x0000      	NOP
0x0010	0x0000      	NOP
0x0012	0x0000      	NOP
0x0014	0x0000      	NOP
0x0016	0x0000      	NOP
0x0018	0xD7F3      	BRA         0
_main:
;MyProject.c,27 :: 		void main() {
;MyProject.c,29 :: 		ADCON1=0x0F;   // Pinos digitais
0x001C	0x0E0F      	MOVLW       15
0x001E	0x6EC1      	MOVWF       ADCON1 
;MyProject.c,31 :: 		TRISC.RC0=1; // RC0 como entrada pois corresponde ao pino T1CK1 que incrementa a
0x0020	0x8094      	BSF         TRISC, 0 
;MyProject.c,37 :: 		PORTC.RC0=1;  // em pull-up
0x0022	0x8082      	BSF         PORTC, 0 
;MyProject.c,39 :: 		TRISD=0;   // PORTD como entrada
0x0024	0x6A95      	CLRF        TRISD 
;MyProject.c,40 :: 		PORTD=0;   //inicialmente zero (LED)
0x0026	0x6A83      	CLRF        PORTD 
;MyProject.c,42 :: 		PORTD.RD1=0;
0x0028	0x9283      	BCF         PORTD, 1 
;MyProject.c,44 :: 		T1CON =0B10000011; // Config. do timer1 no modo contador, 16 bits, ligado
0x002A	0x0E83      	MOVLW       131
0x002C	0x6ECD      	MOVWF       T1CON 
;MyProject.c,47 :: 		TMR1H=0xFF;
0x002E	0x0EFF      	MOVLW       255
0x0030	0x6ECF      	MOVWF       TMR1H 
;MyProject.c,48 :: 		TMR1L=0xF6;
0x0032	0x0EF6      	MOVLW       246
0x0034	0x6ECE      	MOVWF       TMR1L 
;MyProject.c,50 :: 		PIR1.TMR1IF=0;//Flag do timer 1 em zero (vai para 1 quando ocorre overflow)
0x0036	0x909E      	BCF         PIR1, 0 
;MyProject.c,53 :: 		while(1){
L_main0:
;MyProject.c,54 :: 		if(TMR1IF_bit){  // monitora a flag - se igual 1
0x0038	0xA09E      	BTFSS       TMR1IF_bit, BitPos(TMR1IF_bit+0) 
0x003A	0xD015      	BRA         L_main2
;MyProject.c,55 :: 		PORTD.RD1=1; //ação quando totalizar 10 eventos
0x003C	0x8283      	BSF         PORTD, 1 
;MyProject.c,56 :: 		TMR1H=0xFF;   //recarrega o timer para nova contagem
0x003E	0x0EFF      	MOVLW       255
0x0040	0x6ECF      	MOVWF       TMR1H 
;MyProject.c,57 :: 		TMR1L=0xF6;
0x0042	0x0EF6      	MOVLW       246
0x0044	0x6ECE      	MOVWF       TMR1L 
;MyProject.c,58 :: 		PIR1.TMR1IF=0;   //zera flag para nova contagem
0x0046	0x909E      	BCF         PIR1, 0 
;MyProject.c,59 :: 		Delay_ms(1000);    // aguarda um tempo com a sinalização acionada
0x0048	0x0E0B      	MOVLW       11
0x004A	0x6E0B      	MOVWF       R11, 0
0x004C	0x0E26      	MOVLW       38
0x004E	0x6E0C      	MOVWF       R12, 0
0x0050	0x0E5D      	MOVLW       93
0x0052	0x6E0D      	MOVWF       R13, 0
L_main3:
0x0054	0x2E0D      	DECFSZ      R13, 1, 0
0x0056	0xD7FE      	BRA         L_main3
0x0058	0x2E0C      	DECFSZ      R12, 1, 0
0x005A	0xD7FC      	BRA         L_main3
0x005C	0x2E0B      	DECFSZ      R11, 1, 0
0x005E	0xD7FA      	BRA         L_main3
0x0060	0x0000      	NOP
0x0062	0x0000      	NOP
;MyProject.c,60 :: 		}
0x0064	0xD001      	BRA         L_main4
L_main2:
;MyProject.c,62 :: 		PORTD.RD1=0; // LED desligado caso contrário
0x0066	0x9283      	BCF         PORTD, 1 
;MyProject.c,63 :: 		}
L_main4:
;MyProject.c,65 :: 		}
0x0068	0xD7E7      	BRA         L_main0
;MyProject.c,67 :: 		}
L_end_main:
0x006A	0xD7FF      	BRA         $+0
; end of _main
Symbol List:
//** Routines locations **
//ADDRESS    SIZE    PROCEDURE
//----------------------------------------------
0x001C      [80]    _main
//** Variables locations ** 
//ADDRESS    SIZE    VARIABLE
//----------------------------------------------
0x0000       [1]    R0
0x0001       [1]    R1
0x0002       [1]    R2
0x0003       [1]    R3
0x0004       [1]    R4
0x0005       [1]    R5
0x0006       [1]    R6
0x0007       [1]    R7
0x0008       [1]    R8
0x0009       [1]    R9
0x000A       [1]    R10
0x000B       [1]    R11
0x000C       [1]    R12
0x000D       [1]    R13
0x000E       [1]    R14
0x000F       [1]    R15
0x0010       [1]    R16
0x0011       [1]    R17
0x0012       [1]    R18
0x0013       [1]    R19
0x0014       [1]    R20
0x0F82       [1]    PORTC
0x0F83       [1]    PORTD
0x0F94       [1]    TRISC
0x0F95       [1]    TRISD
0x0F9E       [0]    TMR1IF_bit
0x0F9E       [1]    PIR1
0x0FC1       [1]    ADCON1
0x0FCD       [1]    T1CON
0x0FCE       [1]    TMR1L
0x0FCF       [1]    TMR1H
0x0FD8       [1]    STATUS
0x0FD9       [1]    FSR2L
0x0FDA       [1]    FSR2H
0x0FDE       [1]    POSTINC2
0x0FE0       [1]    BSR
0x0FE1       [1]    FSR1L
0x0FE2       [1]    FSR1H
0x0FE4       [1]    PREINC1
0x0FE6       [1]    POSTINC1
0x0FE7       [1]    INDF1
0x0FE8       [1]    WREG
0x0FE9       [1]    FSR0L
0x0FEA       [1]    FSR0H
0x0FEE       [1]    POSTINC0
0x0FF3       [1]    PRODL
0x0FF4       [1]    PRODH
0x0FF5       [1]    TABLAT
0x0FF6       [1]    TBLPTRL
0x0FF7       [1]    TBLPTRH
0x0FF8       [1]    TBLPTRU
