;  LST file generated by mikroListExporter - v.2.0 
; Date/Time: 11/06/2025 11:10:23
;----------------------------------------------

;Address Opcode 	ASM
0x0000	0xF001EF1D  	GOTO        570
0x0004	0x0000      	NOP
0x0006	0x0000      	NOP
0x0008	0xF000EF00  	GOTO        0
0x000C	0x0000      	NOP
0x000E	0x0000      	NOP
0x0010	0x0000      	NOP
0x0012	0x0000      	NOP
0x0014	0x0000      	NOP
0x0016	0x0000      	NOP
0x0018	0xD7F3      	BRA         0
_Delay_1us:
;__Lib_Delays.c,7 :: 		void Delay_1us() {
;__Lib_Delays.c,8 :: 		Delay_us(1);
0x001C	0x0000      	NOP
0x001E	0x0000      	NOP
;__Lib_Delays.c,9 :: 		}
L_end_Delay_1us:
0x0020	0x0012      	RETURN      0
; end of _Delay_1us
_Delay_5500us:
;__Lib_Delays.c,31 :: 		void Delay_5500us() {
;__Lib_Delays.c,32 :: 		Delay_us(5500);
0x0022	0x0E0F      	MOVLW       15
0x0024	0x6E0C      	MOVWF       R12, 0
0x0026	0x0E47      	MOVLW       71
0x0028	0x6E0D      	MOVWF       R13, 0
L_Delay_5500us5:
0x002A	0x2E0D      	DECFSZ      R13, 1, 0
0x002C	0xD7FE      	BRA         L_Delay_5500us5
0x002E	0x2E0C      	DECFSZ      R12, 1, 0
0x0030	0xD7FC      	BRA         L_Delay_5500us5
0x0032	0x0000      	NOP
0x0034	0x0000      	NOP
;__Lib_Delays.c,33 :: 		}
L_end_Delay_5500us:
0x0036	0x0012      	RETURN      0
; end of _Delay_5500us
_Delay_50us:
;__Lib_Delays.c,19 :: 		void Delay_50us() {
;__Lib_Delays.c,20 :: 		Delay_us(50);
0x0038	0x0E21      	MOVLW       33
0x003A	0x6E0D      	MOVWF       R13, 0
L_Delay_50us2:
0x003C	0x2E0D      	DECFSZ      R13, 1, 0
0x003E	0xD7FE      	BRA         L_Delay_50us2
;__Lib_Delays.c,21 :: 		}
L_end_Delay_50us:
0x0040	0x0012      	RETURN      0
; end of _Delay_50us
_Lcd_Cmd:
;__Lib_Lcd.c,18 :: 		
;__Lib_Lcd.c,20 :: 		
0x0042	0xBE4F      	BTFSC       FARG_Lcd_Cmd_out_char, 7 
0x0044	0xD002      	BRA         L__Lcd_Cmd21
0x0046	0x9E8C      	BCF         LCD_D7, BitPos(LCD_D7+0) 
0x0048	0xD001      	BRA         L__Lcd_Cmd22
L__Lcd_Cmd21:
0x004A	0x8E8C      	BSF         LCD_D7, BitPos(LCD_D7+0) 
L__Lcd_Cmd22:
;__Lib_Lcd.c,21 :: 		
0x004C	0xBC4F      	BTFSC       FARG_Lcd_Cmd_out_char, 6 
0x004E	0xD002      	BRA         L__Lcd_Cmd23
0x0050	0x9C8C      	BCF         LCD_D6, BitPos(LCD_D6+0) 
0x0052	0xD001      	BRA         L__Lcd_Cmd24
L__Lcd_Cmd23:
0x0054	0x8C8C      	BSF         LCD_D6, BitPos(LCD_D6+0) 
L__Lcd_Cmd24:
;__Lib_Lcd.c,22 :: 		
0x0056	0xBA4F      	BTFSC       FARG_Lcd_Cmd_out_char, 5 
0x0058	0xD002      	BRA         L__Lcd_Cmd25
0x005A	0x9A8C      	BCF         LCD_D5, BitPos(LCD_D5+0) 
0x005C	0xD001      	BRA         L__Lcd_Cmd26
L__Lcd_Cmd25:
0x005E	0x8A8C      	BSF         LCD_D5, BitPos(LCD_D5+0) 
L__Lcd_Cmd26:
;__Lib_Lcd.c,23 :: 		
0x0060	0xB84F      	BTFSC       FARG_Lcd_Cmd_out_char, 4 
0x0062	0xD002      	BRA         L__Lcd_Cmd27
0x0064	0x988C      	BCF         LCD_D4, BitPos(LCD_D4+0) 
0x0066	0xD001      	BRA         L__Lcd_Cmd28
L__Lcd_Cmd27:
0x0068	0x888C      	BSF         LCD_D4, BitPos(LCD_D4+0) 
L__Lcd_Cmd28:
;__Lib_Lcd.c,25 :: 		
0x006A	0xB042      	BTFSC       __Lib_Lcd_cmd_status, BitPos(__Lib_Lcd_cmd_status+0) 
0x006C	0xD002      	BRA         L__Lcd_Cmd29
0x006E	0x848D      	BSF         LCD_RS, BitPos(LCD_RS+0) 
0x0070	0xD001      	BRA         L__Lcd_Cmd30
L__Lcd_Cmd29:
0x0072	0x948D      	BCF         LCD_RS, BitPos(LCD_RS+0) 
L__Lcd_Cmd30:
;__Lib_Lcd.c,28 :: 		
0x0074	0x828D      	BSF         LCD_EN, BitPos(LCD_EN+0) 
;__Lib_Lcd.c,29 :: 		
0x0076	0xDFD2      	RCALL       _Delay_1us
;__Lib_Lcd.c,30 :: 		
0x0078	0x928D      	BCF         LCD_EN, BitPos(LCD_EN+0) 
;__Lib_Lcd.c,33 :: 		
0x007A	0xB64F      	BTFSC       FARG_Lcd_Cmd_out_char, 3 
0x007C	0xD002      	BRA         L__Lcd_Cmd31
0x007E	0x9E8C      	BCF         LCD_D7, BitPos(LCD_D7+0) 
0x0080	0xD001      	BRA         L__Lcd_Cmd32
L__Lcd_Cmd31:
0x0082	0x8E8C      	BSF         LCD_D7, BitPos(LCD_D7+0) 
L__Lcd_Cmd32:
;__Lib_Lcd.c,34 :: 		
0x0084	0xB44F      	BTFSC       FARG_Lcd_Cmd_out_char, 2 
0x0086	0xD002      	BRA         L__Lcd_Cmd33
0x0088	0x9C8C      	BCF         LCD_D6, BitPos(LCD_D6+0) 
0x008A	0xD001      	BRA         L__Lcd_Cmd34
L__Lcd_Cmd33:
0x008C	0x8C8C      	BSF         LCD_D6, BitPos(LCD_D6+0) 
L__Lcd_Cmd34:
;__Lib_Lcd.c,35 :: 		
0x008E	0xB24F      	BTFSC       FARG_Lcd_Cmd_out_char, 1 
0x0090	0xD002      	BRA         L__Lcd_Cmd35
0x0092	0x9A8C      	BCF         LCD_D5, BitPos(LCD_D5+0) 
0x0094	0xD001      	BRA         L__Lcd_Cmd36
L__Lcd_Cmd35:
0x0096	0x8A8C      	BSF         LCD_D5, BitPos(LCD_D5+0) 
L__Lcd_Cmd36:
;__Lib_Lcd.c,36 :: 		
0x0098	0xB04F      	BTFSC       FARG_Lcd_Cmd_out_char, 0 
0x009A	0xD002      	BRA         L__Lcd_Cmd37
0x009C	0x988C      	BCF         LCD_D4, BitPos(LCD_D4+0) 
0x009E	0xD001      	BRA         L__Lcd_Cmd38
L__Lcd_Cmd37:
0x00A0	0x888C      	BSF         LCD_D4, BitPos(LCD_D4+0) 
L__Lcd_Cmd38:
;__Lib_Lcd.c,38 :: 		
0x00A2	0xB042      	BTFSC       __Lib_Lcd_cmd_status, BitPos(__Lib_Lcd_cmd_status+0) 
0x00A4	0xD002      	BRA         L__Lcd_Cmd39
0x00A6	0x848D      	BSF         LCD_RS, BitPos(LCD_RS+0) 
0x00A8	0xD001      	BRA         L__Lcd_Cmd40
L__Lcd_Cmd39:
0x00AA	0x948D      	BCF         LCD_RS, BitPos(LCD_RS+0) 
L__Lcd_Cmd40:
;__Lib_Lcd.c,40 :: 		
0x00AC	0x828D      	BSF         LCD_EN, BitPos(LCD_EN+0) 
;__Lib_Lcd.c,41 :: 		
0x00AE	0xDFB6      	RCALL       _Delay_1us
;__Lib_Lcd.c,42 :: 		
0x00B0	0x928D      	BCF         LCD_EN, BitPos(LCD_EN+0) 
;__Lib_Lcd.c,44 :: 		
0x00B2	0xA042      	BTFSS       __Lib_Lcd_cmd_status, BitPos(__Lib_Lcd_cmd_status+0) 
0x00B4	0xD002      	BRA         L_Lcd_Cmd0
;__Lib_Lcd.c,45 :: 		
0x00B6	0xDFB5      	RCALL       _Delay_5500us
0x00B8	0xD001      	BRA         L_Lcd_Cmd1
L_Lcd_Cmd0:
;__Lib_Lcd.c,47 :: 		
0x00BA	0xDFBE      	RCALL       _Delay_50us
L_Lcd_Cmd1:
;__Lib_Lcd.c,48 :: 		
L_end_Lcd_Cmd:
0x00BC	0x0012      	RETURN      0
; end of _Lcd_Cmd
_Lcd_Chr_CP:
;__Lib_Lcd.c,50 :: 		
;__Lib_Lcd.c,52 :: 		
0x00BE	0x9042      	BCF         __Lib_Lcd_cmd_status, BitPos(__Lib_Lcd_cmd_status+0) 
;__Lib_Lcd.c,53 :: 		
0x00C0	0xF04FC04E  	MOVFF       FARG_Lcd_Chr_CP_out_char, FARG_Lcd_Cmd_out_char
0x00C4	0xDFBE      	RCALL       _Lcd_Cmd
;__Lib_Lcd.c,54 :: 		
0x00C6	0x8042      	BSF         __Lib_Lcd_cmd_status, BitPos(__Lib_Lcd_cmd_status+0) 
;__Lib_Lcd.c,55 :: 		
L_end_Lcd_Chr_CP:
0x00C8	0x0012      	RETURN      0
; end of _Lcd_Chr_CP
_Lcd_Out:
;__Lib_Lcd.c,184 :: 		
;__Lib_Lcd.c,187 :: 		
0x00CA	0xD00F      	BRA         L_Lcd_Out11
;__Lib_Lcd.c,188 :: 		
L_Lcd_Out13:
0x00CC	0x0E80      	MOVLW       128
0x00CE	0x6E49      	MOVWF       FARG_Lcd_Out_row 
0x00D0	0xD019      	BRA         L_Lcd_Out12
;__Lib_Lcd.c,189 :: 		
L_Lcd_Out14:
0x00D2	0x0EC0      	MOVLW       192
0x00D4	0x6E49      	MOVWF       FARG_Lcd_Out_row 
0x00D6	0xD016      	BRA         L_Lcd_Out12
;__Lib_Lcd.c,190 :: 		
L_Lcd_Out15:
0x00D8	0x0E94      	MOVLW       148
0x00DA	0x6E49      	MOVWF       FARG_Lcd_Out_row 
0x00DC	0xD013      	BRA         L_Lcd_Out12
;__Lib_Lcd.c,191 :: 		
L_Lcd_Out16:
0x00DE	0x0ED4      	MOVLW       212
0x00E0	0x6E49      	MOVWF       FARG_Lcd_Out_row 
0x00E2	0xD010      	BRA         L_Lcd_Out12
;__Lib_Lcd.c,192 :: 		
L_Lcd_Out17:
0x00E4	0x0E80      	MOVLW       128
0x00E6	0x6E49      	MOVWF       FARG_Lcd_Out_row 
;__Lib_Lcd.c,193 :: 		
0x00E8	0xD00D      	BRA         L_Lcd_Out12
L_Lcd_Out11:
0x00EA	0x5049      	MOVF        FARG_Lcd_Out_row, 0 
0x00EC	0x0A01      	XORLW       1
0x00EE	0xE0EE      	BZ          L_Lcd_Out13
0x00F0	0x5049      	MOVF        FARG_Lcd_Out_row, 0 
0x00F2	0x0A02      	XORLW       2
0x00F4	0xE0EE      	BZ          L_Lcd_Out14
0x00F6	0x5049      	MOVF        FARG_Lcd_Out_row, 0 
0x00F8	0x0A03      	XORLW       3
0x00FA	0xE0EE      	BZ          L_Lcd_Out15
0x00FC	0x5049      	MOVF        FARG_Lcd_Out_row, 0 
0x00FE	0x0A04      	XORLW       4
0x0100	0xE0EE      	BZ          L_Lcd_Out16
0x0102	0xD7F0      	BRA         L_Lcd_Out17
L_Lcd_Out12:
;__Lib_Lcd.c,194 :: 		
0x0104	0x044A      	DECF        FARG_Lcd_Out_column, 0 
0x0106	0x6E00      	MOVWF       R0 
0x0108	0x5049      	MOVF        FARG_Lcd_Out_row, 0 
0x010A	0x2600      	ADDWF       R0, 1 
0x010C	0xF049C000  	MOVFF       R0, FARG_Lcd_Out_row
;__Lib_Lcd.c,196 :: 		
0x0110	0xF04FC000  	MOVFF       R0, FARG_Lcd_Cmd_out_char
0x0114	0xDF96      	RCALL       _Lcd_Cmd
;__Lib_Lcd.c,197 :: 		
0x0116	0x9042      	BCF         __Lib_Lcd_cmd_status, BitPos(__Lib_Lcd_cmd_status+0) 
;__Lib_Lcd.c,198 :: 		
0x0118	0x6A4D      	CLRF        Lcd_Out_i_L0 
;__Lib_Lcd.c,199 :: 		
L_Lcd_Out18:
0x011A	0x504D      	MOVF        Lcd_Out_i_L0, 0 
0x011C	0x244B      	ADDWF       FARG_Lcd_Out_text, 0 
0x011E	0x6EE9      	MOVWF       FSR0L 
0x0120	0x0E00      	MOVLW       0
0x0122	0x204C      	ADDWFC      FARG_Lcd_Out_text+1, 0 
0x0124	0x6EEA      	MOVWF       FSR0L+1 
0x0126	0x52EE      	MOVF        POSTINC0, 1 
0x0128	0xE00B      	BZ          L_Lcd_Out19
;__Lib_Lcd.c,200 :: 		
0x012A	0x504D      	MOVF        Lcd_Out_i_L0, 0 
0x012C	0x244B      	ADDWF       FARG_Lcd_Out_text, 0 
0x012E	0x6EE9      	MOVWF       FSR0L 
0x0130	0x0E00      	MOVLW       0
0x0132	0x204C      	ADDWFC      FARG_Lcd_Out_text+1, 0 
0x0134	0x6EEA      	MOVWF       FSR0L+1 
0x0136	0xF04ECFEE  	MOVFF       POSTINC0, FARG_Lcd_Chr_CP_out_char
0x013A	0xDFC1      	RCALL       _Lcd_Chr_CP
0x013C	0x2A4D      	INCF        Lcd_Out_i_L0, 1 
0x013E	0xD7ED      	BRA         L_Lcd_Out18
L_Lcd_Out19:
;__Lib_Lcd.c,201 :: 		
0x0140	0x8042      	BSF         __Lib_Lcd_cmd_status, BitPos(__Lib_Lcd_cmd_status+0) 
;__Lib_Lcd.c,202 :: 		
L_end_Lcd_Out:
0x0142	0x0012      	RETURN      0
; end of _Lcd_Out
_Lcd_Init:
;__Lib_Lcd.c,84 :: 		
;__Lib_Lcd.c,86 :: 		
0x0144	0x9296      	BCF         LCD_EN_Direction, BitPos(LCD_EN_Direction+0) 
;__Lib_Lcd.c,87 :: 		
0x0146	0x9496      	BCF         LCD_RS_Direction, BitPos(LCD_RS_Direction+0) 
;__Lib_Lcd.c,88 :: 		
0x0148	0x9895      	BCF         LCD_D4_Direction, BitPos(LCD_D4_Direction+0) 
;__Lib_Lcd.c,89 :: 		
0x014A	0x9A95      	BCF         LCD_D5_Direction, BitPos(LCD_D5_Direction+0) 
;__Lib_Lcd.c,90 :: 		
0x014C	0x9C95      	BCF         LCD_D6_Direction, BitPos(LCD_D6_Direction+0) 
;__Lib_Lcd.c,91 :: 		
0x014E	0x9E95      	BCF         LCD_D7_Direction, BitPos(LCD_D7_Direction+0) 
;__Lib_Lcd.c,93 :: 		
0x0150	0x928D      	BCF         LCD_EN, BitPos(LCD_EN+0) 
;__Lib_Lcd.c,94 :: 		
0x0152	0x948D      	BCF         LCD_RS, BitPos(LCD_RS+0) 
;__Lib_Lcd.c,95 :: 		
0x0154	0x9E8C      	BCF         LCD_D7, BitPos(LCD_D7+0) 
;__Lib_Lcd.c,96 :: 		
0x0156	0x9C8C      	BCF         LCD_D6, BitPos(LCD_D6+0) 
;__Lib_Lcd.c,97 :: 		
0x0158	0x9A8C      	BCF         LCD_D5, BitPos(LCD_D5+0) 
;__Lib_Lcd.c,98 :: 		
0x015A	0x988C      	BCF         LCD_D4, BitPos(LCD_D4+0) 
;__Lib_Lcd.c,100 :: 		
0x015C	0xDF62      	RCALL       _Delay_5500us
;__Lib_Lcd.c,101 :: 		
0x015E	0xDF61      	RCALL       _Delay_5500us
;__Lib_Lcd.c,102 :: 		
0x0160	0xDF60      	RCALL       _Delay_5500us
;__Lib_Lcd.c,105 :: 		
0x0162	0x8A8C      	BSF         LCD_D5, BitPos(LCD_D5+0) 
;__Lib_Lcd.c,106 :: 		
0x0164	0x888C      	BSF         LCD_D4, BitPos(LCD_D4+0) 
;__Lib_Lcd.c,107 :: 		
0x0166	0x828D      	BSF         LCD_EN, BitPos(LCD_EN+0) 
;__Lib_Lcd.c,108 :: 		
0x0168	0xDF59      	RCALL       _Delay_1us
;__Lib_Lcd.c,109 :: 		
0x016A	0x928D      	BCF         LCD_EN, BitPos(LCD_EN+0) 
;__Lib_Lcd.c,110 :: 		
0x016C	0xDF5A      	RCALL       _Delay_5500us
;__Lib_Lcd.c,112 :: 		
0x016E	0x828D      	BSF         LCD_EN, BitPos(LCD_EN+0) 
;__Lib_Lcd.c,113 :: 		
0x0170	0xDF55      	RCALL       _Delay_1us
;__Lib_Lcd.c,114 :: 		
0x0172	0x928D      	BCF         LCD_EN, BitPos(LCD_EN+0) 
;__Lib_Lcd.c,115 :: 		
0x0174	0xDF56      	RCALL       _Delay_5500us
;__Lib_Lcd.c,117 :: 		
0x0176	0x828D      	BSF         LCD_EN, BitPos(LCD_EN+0) 
;__Lib_Lcd.c,118 :: 		
0x0178	0xDF51      	RCALL       _Delay_1us
;__Lib_Lcd.c,119 :: 		
0x017A	0x928D      	BCF         LCD_EN, BitPos(LCD_EN+0) 
;__Lib_Lcd.c,120 :: 		
0x017C	0xDF52      	RCALL       _Delay_5500us
;__Lib_Lcd.c,123 :: 		
0x017E	0x988C      	BCF         LCD_D4, BitPos(LCD_D4+0) 
;__Lib_Lcd.c,124 :: 		
0x0180	0x828D      	BSF         LCD_EN, BitPos(LCD_EN+0) 
;__Lib_Lcd.c,125 :: 		
0x0182	0xDF4C      	RCALL       _Delay_1us
;__Lib_Lcd.c,126 :: 		
0x0184	0x928D      	BCF         LCD_EN, BitPos(LCD_EN+0) 
;__Lib_Lcd.c,127 :: 		
0x0186	0xDF4D      	RCALL       _Delay_5500us
;__Lib_Lcd.c,130 :: 		
0x0188	0x828D      	BSF         LCD_EN, BitPos(LCD_EN+0) 
;__Lib_Lcd.c,131 :: 		
0x018A	0xDF48      	RCALL       _Delay_1us
;__Lib_Lcd.c,132 :: 		
0x018C	0x928D      	BCF         LCD_EN, BitPos(LCD_EN+0) 
;__Lib_Lcd.c,134 :: 		
0x018E	0x9A8C      	BCF         LCD_D5, BitPos(LCD_D5+0) 
;__Lib_Lcd.c,135 :: 		
0x0190	0x8E8C      	BSF         LCD_D7, BitPos(LCD_D7+0) 
;__Lib_Lcd.c,136 :: 		
0x0192	0x828D      	BSF         LCD_EN, BitPos(LCD_EN+0) 
;__Lib_Lcd.c,137 :: 		
0x0194	0xDF43      	RCALL       _Delay_1us
;__Lib_Lcd.c,138 :: 		
0x0196	0x928D      	BCF         LCD_EN, BitPos(LCD_EN+0) 
;__Lib_Lcd.c,139 :: 		
0x0198	0xDF44      	RCALL       _Delay_5500us
;__Lib_Lcd.c,142 :: 		
0x019A	0x9E8C      	BCF         LCD_D7, BitPos(LCD_D7+0) 
;__Lib_Lcd.c,143 :: 		
0x019C	0x888C      	BSF         LCD_D4, BitPos(LCD_D4+0) 
;__Lib_Lcd.c,144 :: 		
0x019E	0x828D      	BSF         LCD_EN, BitPos(LCD_EN+0) 
;__Lib_Lcd.c,145 :: 		
0x01A0	0xDF3D      	RCALL       _Delay_1us
;__Lib_Lcd.c,146 :: 		
0x01A2	0x928D      	BCF         LCD_EN, BitPos(LCD_EN+0) 
;__Lib_Lcd.c,148 :: 		
0x01A4	0x988C      	BCF         LCD_D4, BitPos(LCD_D4+0) 
;__Lib_Lcd.c,149 :: 		
0x01A6	0x828D      	BSF         LCD_EN, BitPos(LCD_EN+0) 
;__Lib_Lcd.c,150 :: 		
0x01A8	0xDF39      	RCALL       _Delay_1us
;__Lib_Lcd.c,151 :: 		
0x01AA	0x928D      	BCF         LCD_EN, BitPos(LCD_EN+0) 
;__Lib_Lcd.c,152 :: 		
0x01AC	0xDF3A      	RCALL       _Delay_5500us
;__Lib_Lcd.c,155 :: 		
0x01AE	0x828D      	BSF         LCD_EN, BitPos(LCD_EN+0) 
;__Lib_Lcd.c,156 :: 		
0x01B0	0xDF35      	RCALL       _Delay_1us
;__Lib_Lcd.c,157 :: 		
0x01B2	0x928D      	BCF         LCD_EN, BitPos(LCD_EN+0) 
;__Lib_Lcd.c,159 :: 		
0x01B4	0x888C      	BSF         LCD_D4, BitPos(LCD_D4+0) 
;__Lib_Lcd.c,160 :: 		
0x01B6	0x828D      	BSF         LCD_EN, BitPos(LCD_EN+0) 
;__Lib_Lcd.c,161 :: 		
0x01B8	0xDF31      	RCALL       _Delay_1us
;__Lib_Lcd.c,162 :: 		
0x01BA	0x928D      	BCF         LCD_EN, BitPos(LCD_EN+0) 
;__Lib_Lcd.c,163 :: 		
0x01BC	0xDF32      	RCALL       _Delay_5500us
;__Lib_Lcd.c,166 :: 		
0x01BE	0x988C      	BCF         LCD_D4, BitPos(LCD_D4+0) 
;__Lib_Lcd.c,167 :: 		
0x01C0	0x828D      	BSF         LCD_EN, BitPos(LCD_EN+0) 
;__Lib_Lcd.c,168 :: 		
0x01C2	0xDF2C      	RCALL       _Delay_1us
;__Lib_Lcd.c,169 :: 		
0x01C4	0x928D      	BCF         LCD_EN, BitPos(LCD_EN+0) 
;__Lib_Lcd.c,171 :: 		
0x01C6	0x8E8C      	BSF         LCD_D7, BitPos(LCD_D7+0) 
;__Lib_Lcd.c,172 :: 		
0x01C8	0x8C8C      	BSF         LCD_D6, BitPos(LCD_D6+0) 
;__Lib_Lcd.c,173 :: 		
0x01CA	0x8A8C      	BSF         LCD_D5, BitPos(LCD_D5+0) 
;__Lib_Lcd.c,174 :: 		
0x01CC	0x888C      	BSF         LCD_D4, BitPos(LCD_D4+0) 
;__Lib_Lcd.c,175 :: 		
0x01CE	0x828D      	BSF         LCD_EN, BitPos(LCD_EN+0) 
;__Lib_Lcd.c,176 :: 		
0x01D0	0xDF25      	RCALL       _Delay_1us
;__Lib_Lcd.c,177 :: 		
0x01D2	0x928D      	BCF         LCD_EN, BitPos(LCD_EN+0) 
;__Lib_Lcd.c,179 :: 		
0x01D4	0xDF26      	RCALL       _Delay_5500us
;__Lib_Lcd.c,181 :: 		
0x01D6	0x8042      	BSF         __Lib_Lcd_cmd_status, BitPos(__Lib_Lcd_cmd_status+0) 
;__Lib_Lcd.c,182 :: 		
L_end_Lcd_Init:
0x01D8	0x0012      	RETURN      0
; end of _Lcd_Init
___CC2DW:
;__Lib_System.c,21 :: 		
;__Lib_System.c,23 :: 		
_CC2DL_Loop1:
;__Lib_System.c,24 :: 		
0x01DA	0x0009      	TBLRD*+
;__Lib_System.c,25 :: 		
0x01DC	0xFFE6CFF5  	MOVFF       TABLAT, POSTINC1
;__Lib_System.c,26 :: 		
0x01E0	0x0600      	DECF        R0, 1, 0
;__Lib_System.c,27 :: 		
0x01E2	0xE1FB      	BNZ         _CC2DL_Loop1
;__Lib_System.c,28 :: 		
0x01E4	0x0601      	DECF        R1, 1, 0
;__Lib_System.c,29 :: 		
0x01E6	0xE1F9      	BNZ         _CC2DL_Loop1
;__Lib_System.c,31 :: 		
L_end___CC2DW:
0x01E8	0x0012      	RETURN      0
; end of ___CC2DW
_PWM_Set_Duty:
;PWM.c,66 :: 		void PWM_Set_Duty(unsigned int duty) {
;PWM.c,68 :: 		CCPR1L = duty >> 2;
0x01EA	0xF000C049  	MOVFF       FARG_PWM_Set_Duty_duty, R0
0x01EE	0xF001C04A  	MOVFF       FARG_PWM_Set_Duty_duty+1, R1
0x01F2	0x3201      	RRCF        R1, 1 
0x01F4	0x3200      	RRCF        R0, 1 
0x01F6	0x9E01      	BCF         R1, 7 
0x01F8	0x3201      	RRCF        R1, 1 
0x01FA	0x3200      	RRCF        R0, 1 
0x01FC	0x9E01      	BCF         R1, 7 
0x01FE	0xFFBEC000  	MOVFF       R0, CCPR1L
;PWM.c,71 :: 		CCP1CON = (CCP1CON & 0b11001111) | ((duty & 0b11) << 4);
0x0202	0x0ECF      	MOVLW       207
0x0204	0x14BD      	ANDWF       CCP1CON, 0 
0x0206	0x6E03      	MOVWF       R3 
0x0208	0x0E03      	MOVLW       3
0x020A	0x1449      	ANDWF       FARG_PWM_Set_Duty_duty, 0 
0x020C	0x6E02      	MOVWF       R2 
0x020E	0xF000C002  	MOVFF       R2, R0
0x0212	0x3600      	RLCF        R0, 1 
0x0214	0x9000      	BCF         R0, 0 
0x0216	0x3600      	RLCF        R0, 1 
0x0218	0x9000      	BCF         R0, 0 
0x021A	0x3600      	RLCF        R0, 1 
0x021C	0x9000      	BCF         R0, 0 
0x021E	0x3600      	RLCF        R0, 1 
0x0220	0x9000      	BCF         R0, 0 
0x0222	0x5000      	MOVF        R0, 0 
0x0224	0x1003      	IORWF       R3, 0 
0x0226	0x6EBD      	MOVWF       CCP1CON 
;PWM.c,72 :: 		}
L_end_PWM_Set_Duty:
0x0228	0x0012      	RETURN      0
; end of _PWM_Set_Duty
_PWM_Init:
;PWM.c,49 :: 		void PWM_Init() {
;PWM.c,50 :: 		TRISC2_bit = 0;      // Configura o pino RC2 (CCP1) como sa?da.
0x022A	0x9494      	BCF         TRISC2_bit, BitPos(TRISC2_bit+0) 
;PWM.c,53 :: 		PR2 = 255;           // Define o valor m?ximo do contador do Timer2 (per?odo).
0x022C	0x0EFF      	MOVLW       255
0x022E	0x6ECB      	MOVWF       PR2 
;PWM.c,57 :: 		T2CON = 0b00000101;  // Liga o Timer2 com um prescaler de 4 (TMR2ON=1, T2CKPS=1).
0x0230	0x0E05      	MOVLW       5
0x0232	0x6ECA      	MOVWF       T2CON 
;PWM.c,61 :: 		CCP1CON = 0b00001100;  // Ativa o modo PWM para o CCP1.
0x0234	0x0E0C      	MOVLW       12
0x0236	0x6EBD      	MOVWF       CCP1CON 
;PWM.c,62 :: 		}
L_end_PWM_Init:
0x0238	0x0012      	RETURN      0
; end of _PWM_Init
_main:
0x023A	0xF001ECFD  	CALL        1018, 0
;PWM.c,75 :: 		void main() {
;PWM.c,76 :: 		unsigned int duty_value = 0;
0x023E	0x6A45      	CLRF        main_duty_value_L0 
0x0240	0x6A46      	CLRF        main_duty_value_L0+1 
0x0242	0x6A47      	CLRF        main_speed_level_L0 
0x0244	0x6A48      	CLRF        main_speed_level_L0+1 
;PWM.c,84 :: 		ADCON1 = 0x0F;
0x0246	0x0E0F      	MOVLW       15
0x0248	0x6EC1      	MOVWF       ADCON1 
;PWM.c,85 :: 		CMCON = 0x07;
0x024A	0x0E07      	MOVLW       7
0x024C	0x6EB4      	MOVWF       CMCON 
;PWM.c,86 :: 		TRISB = 0xFF; // Configura PORTB como entrada para ler os bot?es
0x024E	0x0EFF      	MOVLW       255
0x0250	0x6E93      	MOVWF       TRISB 
;PWM.c,89 :: 		Lcd_Init();
0x0252	0xDF78      	RCALL       _Lcd_Init
;PWM.c,90 :: 		Lcd_Cmd(_LCD_CLEAR);
0x0254	0x0E01      	MOVLW       1
0x0256	0x6E4F      	MOVWF       FARG_Lcd_Cmd_out_char 
0x0258	0xDEF4      	RCALL       _Lcd_Cmd
;PWM.c,91 :: 		Lcd_Cmd(_LCD_CURSOR_OFF);
0x025A	0x0E0C      	MOVLW       12
0x025C	0x6E4F      	MOVWF       FARG_Lcd_Cmd_out_char 
0x025E	0xDEF1      	RCALL       _Lcd_Cmd
;PWM.c,93 :: 		PWM_Init();
0x0260	0xDFE4      	RCALL       _PWM_Init
;PWM.c,95 :: 		while(1) {
L_main1:
;PWM.c,99 :: 		if (RB1_bit == 0) {
0x0262	0xB281      	BTFSC       RB1_bit, BitPos(RB1_bit+0) 
0x0264	0xD01C      	BRA         L_main3
;PWM.c,100 :: 		Delay_ms(50); // Debounce para o bot?o
0x0266	0x0E82      	MOVLW       130
0x0268	0x6E0C      	MOVWF       R12, 0
0x026A	0x0EDD      	MOVLW       221
0x026C	0x6E0D      	MOVWF       R13, 0
L_main4:
0x026E	0x2E0D      	DECFSZ      R13, 1, 0
0x0270	0xD7FE      	BRA         L_main4
0x0272	0x2E0C      	DECFSZ      R12, 1, 0
0x0274	0xD7FC      	BRA         L_main4
0x0276	0x0000      	NOP
0x0278	0x0000      	NOP
;PWM.c,101 :: 		if (RB1_bit == 0) { // Confirma o clique
0x027A	0xB281      	BTFSC       RB1_bit, BitPos(RB1_bit+0) 
0x027C	0xD010      	BRA         L_main5
;PWM.c,102 :: 		speed_level++;
0x027E	0x4A47      	INFSNZ      main_speed_level_L0, 1 
0x0280	0x2A48      	INCF        main_speed_level_L0+1, 1 
;PWM.c,103 :: 		if (speed_level > 4) {
0x0282	0x0E80      	MOVLW       128
0x0284	0x6E00      	MOVWF       R0 
0x0286	0x0E80      	MOVLW       128
0x0288	0x1848      	XORWF       main_speed_level_L0+1, 0 
0x028A	0x5C00      	SUBWF       R0, 0 
0x028C	0xE102      	BNZ         L__main26
0x028E	0x5047      	MOVF        main_speed_level_L0, 0 
0x0290	0x0804      	SUBLW       4
L__main26:
0x0292	0xE202      	BC          L_main6
;PWM.c,104 :: 		speed_level = 0; // Volta para o in?cio
0x0294	0x6A47      	CLRF        main_speed_level_L0 
0x0296	0x6A48      	CLRF        main_speed_level_L0+1 
;PWM.c,105 :: 		}
L_main6:
;PWM.c,106 :: 		while(RB1_bit == 0); // Espera o bot?o ser solto
L_main7:
0x0298	0xB281      	BTFSC       RB1_bit, BitPos(RB1_bit+0) 
0x029A	0xD001      	BRA         L_main8
0x029C	0xD7FD      	BRA         L_main7
L_main8:
;PWM.c,107 :: 		}
L_main5:
;PWM.c,108 :: 		}
L_main3:
;PWM.c,111 :: 		if (RB2_bit == 0) {
0x029E	0xB481      	BTFSC       RB2_bit, BitPos(RB2_bit+0) 
0x02A0	0xD020      	BRA         L_main9
;PWM.c,112 :: 		Delay_ms(50); // Debounce
0x02A2	0x0E82      	MOVLW       130
0x02A4	0x6E0C      	MOVWF       R12, 0
0x02A6	0x0EDD      	MOVLW       221
0x02A8	0x6E0D      	MOVWF       R13, 0
L_main10:
0x02AA	0x2E0D      	DECFSZ      R13, 1, 0
0x02AC	0xD7FE      	BRA         L_main10
0x02AE	0x2E0C      	DECFSZ      R12, 1, 0
0x02B0	0xD7FC      	BRA         L_main10
0x02B2	0x0000      	NOP
0x02B4	0x0000      	NOP
;PWM.c,113 :: 		if (RB2_bit == 0) { // Confirma o clique
0x02B6	0xB481      	BTFSC       RB2_bit, BitPos(RB2_bit+0) 
0x02B8	0xD014      	BRA         L_main11
;PWM.c,114 :: 		speed_level--;
0x02BA	0x0E01      	MOVLW       1
0x02BC	0x5E47      	SUBWF       main_speed_level_L0, 1 
0x02BE	0x0E00      	MOVLW       0
0x02C0	0x5A48      	SUBWFB      main_speed_level_L0+1, 1 
;PWM.c,115 :: 		if (speed_level < 0) {
0x02C2	0x0E80      	MOVLW       128
0x02C4	0x1848      	XORWF       main_speed_level_L0+1, 0 
0x02C6	0x6E00      	MOVWF       R0 
0x02C8	0x0E80      	MOVLW       128
0x02CA	0x5C00      	SUBWF       R0, 0 
0x02CC	0xE102      	BNZ         L__main27
0x02CE	0x0E00      	MOVLW       0
0x02D0	0x5C47      	SUBWF       main_speed_level_L0, 0 
L__main27:
0x02D2	0xE204      	BC          L_main12
;PWM.c,116 :: 		speed_level = 4; // Volta para o m?ximo
0x02D4	0x0E04      	MOVLW       4
0x02D6	0x6E47      	MOVWF       main_speed_level_L0 
0x02D8	0x0E00      	MOVLW       0
0x02DA	0x6E48      	MOVWF       main_speed_level_L0+1 
;PWM.c,117 :: 		}
L_main12:
;PWM.c,118 :: 		while(RB2_bit == 0); // Espera o bot?o ser solto
L_main13:
0x02DC	0xB481      	BTFSC       RB2_bit, BitPos(RB2_bit+0) 
0x02DE	0xD001      	BRA         L_main14
0x02E0	0xD7FD      	BRA         L_main13
L_main14:
;PWM.c,119 :: 		}
L_main11:
;PWM.c,120 :: 		}
L_main9:
;PWM.c,123 :: 		switch (speed_level) {
0x02E2	0xD02B      	BRA         L_main15
;PWM.c,124 :: 		case 0:
L_main17:
;PWM.c,125 :: 		duty_value = 0;
0x02E4	0x6A45      	CLRF        main_duty_value_L0 
0x02E6	0x6A46      	CLRF        main_duty_value_L0+1 
;PWM.c,126 :: 		duty_text = "0%  ";
0x02E8	0x0E30      	MOVLW       ?lstr1_PWM
0x02EA	0x6E43      	MOVWF       main_duty_text_L0 
0x02EC	0x0E00      	MOVLW       hi_addr(?lstr1_PWM)
0x02EE	0x6E44      	MOVWF       main_duty_text_L0+1 
;PWM.c,127 :: 		break;
0x02F0	0xD042      	BRA         L_main16
;PWM.c,128 :: 		case 1:
L_main18:
;PWM.c,129 :: 		duty_value = 256; // ~25%
0x02F2	0x0E00      	MOVLW       0
0x02F4	0x6E45      	MOVWF       main_duty_value_L0 
0x02F6	0x0E01      	MOVLW       1
0x02F8	0x6E46      	MOVWF       main_duty_value_L0+1 
;PWM.c,130 :: 		duty_text = "25% ";
0x02FA	0x0E35      	MOVLW       ?lstr2_PWM
0x02FC	0x6E43      	MOVWF       main_duty_text_L0 
0x02FE	0x0E00      	MOVLW       hi_addr(?lstr2_PWM)
0x0300	0x6E44      	MOVWF       main_duty_text_L0+1 
;PWM.c,131 :: 		break;
0x0302	0xD039      	BRA         L_main16
;PWM.c,132 :: 		case 2:
L_main19:
;PWM.c,133 :: 		duty_value = 512; // ~50%
0x0304	0x0E00      	MOVLW       0
0x0306	0x6E45      	MOVWF       main_duty_value_L0 
0x0308	0x0E02      	MOVLW       2
0x030A	0x6E46      	MOVWF       main_duty_value_L0+1 
;PWM.c,134 :: 		duty_text = "50% ";
0x030C	0x0E2B      	MOVLW       ?lstr3_PWM
0x030E	0x6E43      	MOVWF       main_duty_text_L0 
0x0310	0x0E00      	MOVLW       hi_addr(?lstr3_PWM)
0x0312	0x6E44      	MOVWF       main_duty_text_L0+1 
;PWM.c,135 :: 		break;
0x0314	0xD030      	BRA         L_main16
;PWM.c,136 :: 		case 3:
L_main20:
;PWM.c,137 :: 		duty_value = 767; // ~75%
0x0316	0x0EFF      	MOVLW       255
0x0318	0x6E45      	MOVWF       main_duty_value_L0 
0x031A	0x0E02      	MOVLW       2
0x031C	0x6E46      	MOVWF       main_duty_value_L0+1 
;PWM.c,138 :: 		duty_text = "75% ";
0x031E	0x0E15      	MOVLW       ?lstr4_PWM
0x0320	0x6E43      	MOVWF       main_duty_text_L0 
0x0322	0x0E00      	MOVLW       hi_addr(?lstr4_PWM)
0x0324	0x6E44      	MOVWF       main_duty_text_L0+1 
;PWM.c,139 :: 		break;
0x0326	0xD027      	BRA         L_main16
;PWM.c,140 :: 		case 4:
L_main21:
;PWM.c,141 :: 		duty_value = 1023; // 100%
0x0328	0x0EFF      	MOVLW       255
0x032A	0x6E45      	MOVWF       main_duty_value_L0 
0x032C	0x0E03      	MOVLW       3
0x032E	0x6E46      	MOVWF       main_duty_value_L0+1 
;PWM.c,142 :: 		duty_text = "100%";
0x0330	0x0E1A      	MOVLW       ?lstr5_PWM
0x0332	0x6E43      	MOVWF       main_duty_text_L0 
0x0334	0x0E00      	MOVLW       hi_addr(?lstr5_PWM)
0x0336	0x6E44      	MOVWF       main_duty_text_L0+1 
;PWM.c,143 :: 		break;
0x0338	0xD01E      	BRA         L_main16
;PWM.c,144 :: 		}
L_main15:
0x033A	0x0E00      	MOVLW       0
0x033C	0x1848      	XORWF       main_speed_level_L0+1, 0 
0x033E	0xE102      	BNZ         L__main28
0x0340	0x0E00      	MOVLW       0
0x0342	0x1847      	XORWF       main_speed_level_L0, 0 
L__main28:
0x0344	0xE0CF      	BZ          L_main17
0x0346	0x0E00      	MOVLW       0
0x0348	0x1848      	XORWF       main_speed_level_L0+1, 0 
0x034A	0xE102      	BNZ         L__main29
0x034C	0x0E01      	MOVLW       1
0x034E	0x1847      	XORWF       main_speed_level_L0, 0 
L__main29:
0x0350	0xE0D0      	BZ          L_main18
0x0352	0x0E00      	MOVLW       0
0x0354	0x1848      	XORWF       main_speed_level_L0+1, 0 
0x0356	0xE102      	BNZ         L__main30
0x0358	0x0E02      	MOVLW       2
0x035A	0x1847      	XORWF       main_speed_level_L0, 0 
L__main30:
0x035C	0xE0D3      	BZ          L_main19
0x035E	0x0E00      	MOVLW       0
0x0360	0x1848      	XORWF       main_speed_level_L0+1, 0 
0x0362	0xE102      	BNZ         L__main31
0x0364	0x0E03      	MOVLW       3
0x0366	0x1847      	XORWF       main_speed_level_L0, 0 
L__main31:
0x0368	0xE0D6      	BZ          L_main20
0x036A	0x0E00      	MOVLW       0
0x036C	0x1848      	XORWF       main_speed_level_L0+1, 0 
0x036E	0xE102      	BNZ         L__main32
0x0370	0x0E04      	MOVLW       4
0x0372	0x1847      	XORWF       main_speed_level_L0, 0 
L__main32:
0x0374	0xE0D9      	BZ          L_main21
L_main16:
;PWM.c,146 :: 		PWM_Set_Duty(duty_value); // Aplica o novo duty cycle
0x0376	0xF049C045  	MOVFF       main_duty_value_L0, FARG_PWM_Set_Duty_duty
0x037A	0xF04AC046  	MOVFF       main_duty_value_L0+1, FARG_PWM_Set_Duty_duty+1
0x037E	0xDF35      	RCALL       _PWM_Set_Duty
;PWM.c,149 :: 		Lcd_Out(1, 1, "Duty Cycle:");
0x0380	0x0E01      	MOVLW       1
0x0382	0x6E49      	MOVWF       FARG_Lcd_Out_row 
0x0384	0x0E01      	MOVLW       1
0x0386	0x6E4A      	MOVWF       FARG_Lcd_Out_column 
0x0388	0x0E1F      	MOVLW       ?lstr6_PWM
0x038A	0x6E4B      	MOVWF       FARG_Lcd_Out_text 
0x038C	0x0E00      	MOVLW       hi_addr(?lstr6_PWM)
0x038E	0x6E4C      	MOVWF       FARG_Lcd_Out_text+1 
0x0390	0xDE9C      	RCALL       _Lcd_Out
;PWM.c,150 :: 		Lcd_Out(1, 13, duty_text);
0x0392	0x0E01      	MOVLW       1
0x0394	0x6E49      	MOVWF       FARG_Lcd_Out_row 
0x0396	0x0E0D      	MOVLW       13
0x0398	0x6E4A      	MOVWF       FARG_Lcd_Out_column 
0x039A	0xF04BC043  	MOVFF       main_duty_text_L0, FARG_Lcd_Out_text
0x039E	0xF04CC044  	MOVFF       main_duty_text_L0+1, FARG_Lcd_Out_text+1
0x03A2	0xDE93      	RCALL       _Lcd_Out
;PWM.c,151 :: 		Lcd_Out(2, 1, "RPM: ");
0x03A4	0x0E02      	MOVLW       2
0x03A6	0x6E49      	MOVWF       FARG_Lcd_Out_row 
0x03A8	0x0E01      	MOVLW       1
0x03AA	0x6E4A      	MOVWF       FARG_Lcd_Out_column 
0x03AC	0x0E3A      	MOVLW       ?lstr7_PWM
0x03AE	0x6E4B      	MOVWF       FARG_Lcd_Out_text 
0x03B0	0x0E00      	MOVLW       hi_addr(?lstr7_PWM)
0x03B2	0x6E4C      	MOVWF       FARG_Lcd_Out_text+1 
0x03B4	0xDE8A      	RCALL       _Lcd_Out
;PWM.c,152 :: 		Lcd_Out(2, 6, "0"); // RPM ainda n?o implementado
0x03B6	0x0E02      	MOVLW       2
0x03B8	0x6E49      	MOVWF       FARG_Lcd_Out_row 
0x03BA	0x0E06      	MOVLW       6
0x03BC	0x6E4A      	MOVWF       FARG_Lcd_Out_column 
0x03BE	0x0E40      	MOVLW       ?lstr8_PWM
0x03C0	0x6E4B      	MOVWF       FARG_Lcd_Out_text 
0x03C2	0x0E00      	MOVLW       hi_addr(?lstr8_PWM)
0x03C4	0x6E4C      	MOVWF       FARG_Lcd_Out_text+1 
0x03C6	0xDE81      	RCALL       _Lcd_Out
;PWM.c,155 :: 		}
0x03C8	0xD74C      	BRA         L_main1
;PWM.c,156 :: 		}
L_end_main:
0x03CA	0xD7FF      	BRA         $+0
; end of _main
0x03FA	0xF015EE10  	LFSR        1, 21
0x03FE	0x0E2D      	MOVLW       45
0x0400	0x6E00      	MOVWF       R0 
0x0402	0x0E01      	MOVLW       1
0x0404	0x6E01      	MOVWF       R1 
0x0406	0x0ECC      	MOVLW       204
0x0408	0x6EF6      	MOVWF       4086 
0x040A	0x0E03      	MOVLW       3
0x040C	0x6EF7      	MOVWF       TBLPTRH 
0x040E	0x0E00      	MOVLW       0
0x0410	0x6EF8      	MOVWF       TBLPTRU 
0x0412	0xF000ECED  	CALL        474, 0
0x0416	0x0012      	RETURN      0
;PWM.c,0 :: ?ICS?lstr4_PWM
0x03CC	0x3537 ;?ICS?lstr4_PWM+0
0x03CE	0x2025 ;?ICS?lstr4_PWM+2
0x03D0	0x00 ;?ICS?lstr4_PWM+4
; end of ?ICS?lstr4_PWM
;PWM.c,0 :: ?ICS?lstr5_PWM
0x03D1	0x3031 ;?ICS?lstr5_PWM+0
0x03D3	0x2530 ;?ICS?lstr5_PWM+2
0x03D5	0x00 ;?ICS?lstr5_PWM+4
; end of ?ICS?lstr5_PWM
;PWM.c,0 :: ?ICS?lstr6_PWM
0x03D6	0x7544 ;?ICS?lstr6_PWM+0
0x03D8	0x7974 ;?ICS?lstr6_PWM+2
0x03DA	0x4320 ;?ICS?lstr6_PWM+4
0x03DC	0x6379 ;?ICS?lstr6_PWM+6
0x03DE	0x656C ;?ICS?lstr6_PWM+8
0x03E0	0x003A ;?ICS?lstr6_PWM+10
; end of ?ICS?lstr6_PWM
;PWM.c,0 :: ?ICS?lstr3_PWM
0x03E2	0x3035 ;?ICS?lstr3_PWM+0
0x03E4	0x2025 ;?ICS?lstr3_PWM+2
0x03E6	0x00 ;?ICS?lstr3_PWM+4
; end of ?ICS?lstr3_PWM
;PWM.c,0 :: ?ICS?lstr1_PWM
0x03E7	0x2530 ;?ICS?lstr1_PWM+0
0x03E9	0x2020 ;?ICS?lstr1_PWM+2
0x03EB	0x00 ;?ICS?lstr1_PWM+4
; end of ?ICS?lstr1_PWM
;PWM.c,0 :: ?ICS?lstr2_PWM
0x03EC	0x3532 ;?ICS?lstr2_PWM+0
0x03EE	0x2025 ;?ICS?lstr2_PWM+2
0x03F0	0x00 ;?ICS?lstr2_PWM+4
; end of ?ICS?lstr2_PWM
;PWM.c,0 :: ?ICS?lstr7_PWM
0x03F1	0x5052 ;?ICS?lstr7_PWM+0
0x03F3	0x3A4D ;?ICS?lstr7_PWM+2
0x03F5	0x0020 ;?ICS?lstr7_PWM+4
; end of ?ICS?lstr7_PWM
;PWM.c,0 :: ?ICS?lstr8_PWM
0x03F7	0x0030 ;?ICS?lstr8_PWM+0
; end of ?ICS?lstr8_PWM
Symbol List:
//** Routines locations **
//ADDRESS    SIZE    PROCEDURE
//----------------------------------------------
0x001C       [6]    _Delay_1us
0x0022      [22]    _Delay_5500us
0x0038      [10]    _Delay_50us
0x0042     [124]    _Lcd_Cmd
0x00BE      [12]    _Lcd_Chr_CP
0x00CA     [122]    _Lcd_Out
0x0144     [150]    _Lcd_Init
0x01DA      [16]    ___CC2DW
0x01EA      [64]    _PWM_Set_Duty
0x022A      [16]    _PWM_Init
0x023A     [402]    _main
//** Variables locations ** 
//ADDRESS    SIZE    VARIABLE
//----------------------------------------------
0x0000       [1]    R0
0x0001       [1]    R1
0x0002       [1]    R2
0x0003       [1]    R3
0x0004       [1]    R4
0x0005       [1]    R5
0x0006       [1]    R6
0x0007       [1]    R7
0x0008       [1]    R8
0x0009       [1]    R9
0x000A       [1]    R10
0x000B       [1]    R11
0x000C       [1]    R12
0x000D       [1]    R13
0x000E       [1]    R14
0x000F       [1]    R15
0x0010       [1]    R16
0x0011       [1]    R17
0x0012       [1]    R18
0x0013       [1]    R19
0x0014       [1]    R20
0x0015       [5]    ?lstr4_PWM
0x001A       [5]    ?lstr5_PWM
0x001F      [12]    ?lstr6_PWM
0x002B       [5]    ?lstr3_PWM
0x0030       [5]    ?lstr1_PWM
0x0035       [5]    ?lstr2_PWM
0x003A       [6]    ?lstr7_PWM
0x0040       [2]    ?lstr8_PWM
0x0042       [0]    __Lib_Lcd_cmd_status
0x0043       [2]    main_duty_text_L0
0x0045       [2]    main_duty_value_L0
0x0047       [2]    main_speed_level_L0
0x0049       [2]    FARG_PWM_Set_Duty_duty
0x0049       [1]    FARG_Lcd_Out_row
0x004A       [1]    FARG_Lcd_Out_column
0x004B       [2]    FARG_Lcd_Out_text
0x004D       [1]    Lcd_Out_i_L0
0x004E       [1]    FARG_Lcd_Chr_CP_out_char
0x004F       [1]    FARG_Lcd_Cmd_out_char
0x0F81       [0]    RB1_bit
0x0F81       [0]    RB2_bit
0x0F8C       [0]    LCD_D6
0x0F8C       [0]    LATD7_bit
0x0F8C       [0]    LATD4_bit
0x0F8C       [0]    LATD5_bit
0x0F8C       [0]    LCD_D5
0x0F8C       [0]    LATD6_bit
0x0F8C       [0]    LCD_D7
0x0F8C       [0]    LCD_D4
0x0F8D       [0]    LCD_RS
0x0F8D       [0]    LATE2_bit
0x0F8D       [0]    LATE1_bit
0x0F8D       [0]    LCD_EN
0x0F93       [1]    TRISB
0x0F94       [0]    TRISC2_bit
0x0F95       [0]    LCD_D4_Direction
0x0F95       [0]    TRISD7_bit
0x0F95       [0]    TRISD6_bit
0x0F95       [0]    LCD_D5_Direction
0x0F95       [0]    LCD_D7_Direction
0x0F95       [0]    LCD_D6_Direction
0x0F95       [0]    TRISD5_bit
0x0F95       [0]    TRISD4_bit
0x0F96       [0]    TRISE1_bit
0x0F96       [0]    LCD_RS_Direction
0x0F96       [0]    LCD_EN_Direction
0x0F96       [0]    TRISE2_bit
0x0FB4       [1]    CMCON
0x0FBD       [1]    CCP1CON
0x0FBE       [1]    CCPR1L
0x0FC1       [1]    ADCON1
0x0FCA       [1]    T2CON
0x0FCB       [1]    PR2
0x0FD8       [1]    STATUS
0x0FD9       [1]    FSR2L
0x0FDA       [1]    FSR2H
0x0FDE       [1]    POSTINC2
0x0FE0       [1]    BSR
0x0FE1       [1]    FSR1L
0x0FE2       [1]    FSR1H
0x0FE4       [1]    PREINC1
0x0FE6       [1]    POSTINC1
0x0FE7       [1]    INDF1
0x0FE8       [1]    WREG
0x0FE9       [1]    FSR0L
0x0FEA       [1]    FSR0H
0x0FEE       [1]    POSTINC0
0x0FF3       [1]    PRODL
0x0FF4       [1]    PRODH
0x0FF5       [1]    TABLAT
0x0FF6       [1]    TBLPTRL
0x0FF7       [1]    TBLPTRH
0x0FF8       [1]    TBLPTRU
//** Constants locations ** 
//ADDRESS    SIZE    CONSTANT
//----------------------------------------------
0x03CC       [5]    ?ICS?lstr4_PWM
0x03D1       [5]    ?ICS?lstr5_PWM
0x03D6      [12]    ?ICS?lstr6_PWM
0x03E2       [5]    ?ICS?lstr3_PWM
0x03E7       [5]    ?ICS?lstr1_PWM
0x03EC       [5]    ?ICS?lstr2_PWM
0x03F1       [6]    ?ICS?lstr7_PWM
0x03F7       [2]    ?ICS?lstr8_PWM
