;  LST file generated by mikroListExporter - v.2.0 
; Date/Time: 15/05/2023 09:29:40
;----------------------------------------------

;Address Opcode 	ASM
0x0000	0xF000EF0E  	GOTO        28
0x0004	0x0000      	NOP
0x0006	0x0000      	NOP
0x0008	0xF000EF00  	GOTO        0
0x000C	0x0000      	NOP
0x000E	0x0000      	NOP
0x0010	0x0000      	NOP
0x0012	0x0000      	NOP
0x0014	0x0000      	NOP
0x0016	0x0000      	NOP
0x0018	0xD7F3      	BRA         0
_main:
;PullUP_Interno.c,30 :: 		void main() {
;PullUP_Interno.c,39 :: 		ANSELB = 0;  // registrador do PIC18F45K22 - configura todos os pinos...
0x001C	0x010F      	MOVLB       15
0x001E	0x6B39      	CLRF        ANSELB, 1
;PullUP_Interno.c,42 :: 		ANSELD=0; // idem - pinos do PORTD como digital
0x0020	0x6B3B      	CLRF        ANSELD, 1
;PullUP_Interno.c,43 :: 		INTCON2.RBPU=0; // Habilita chave global dos resistores pull-up presente
0x0022	0x9EF1      	BCF         INTCON2, 7 
;PullUP_Interno.c,45 :: 		WPUB.WPUB0 = 1; // Habilita o resistor pull-up interno no pino RB0
0x0024	0x8061      	BSF         WPUB, 0 
;PullUP_Interno.c,59 :: 		TRISB.RB0 = 1;  // configura pino RB0 como entrada
0x0026	0x8093      	BSF         TRISB, 0 
;PullUP_Interno.c,60 :: 		PORTB.RB0=1; // nível 1 (VCC - pull-up)
0x0028	0x8081      	BSF         PORTB, 0 
;PullUP_Interno.c,66 :: 		TRISD = 0; // todos os pinos como saída
0x002A	0x6A95      	CLRF        TRISD 
;PullUP_Interno.c,67 :: 		PORTD =0; //todos os pinos = 0
0x002C	0x6A83      	CLRF        PORTD 
;PullUP_Interno.c,70 :: 		while(1) // True
L_main0:
;PullUP_Interno.c,72 :: 		if(PORTB.RB0 ==0)   // AND lógico (expressão)
0x002E	0xB081      	BTFSC       PORTB, 0 
0x0030	0xD013      	BRA         L_main2
;PullUP_Interno.c,76 :: 		PORTD.RD0 =~LATD.RD0; // (TOOGGLE) Inverte o nível lógico do LED em LAT D
0x0032	0xB08C      	BTFSC       LATD, 0 
0x0034	0xD002      	BRA         L__main5
0x0036	0x8083      	BSF         PORTD, 0 
0x0038	0xD001      	BRA         L__main6
L__main5:
0x003A	0x9083      	BCF         PORTD, 0 
L__main6:
;PullUP_Interno.c,80 :: 		Delay_ms(300);
0x003C	0x0E04      	MOVLW       4
0x003E	0x6E0B      	MOVWF       R11, 0
0x0040	0x0E0C      	MOVLW       12
0x0042	0x6E0C      	MOVWF       R12, 0
0x0044	0x0E33      	MOVLW       51
0x0046	0x6E0D      	MOVWF       R13, 0
L_main3:
0x0048	0x2E0D      	DECFSZ      R13, 1, 0
0x004A	0xD7FE      	BRA         L_main3
0x004C	0x2E0C      	DECFSZ      R12, 1, 0
0x004E	0xD7FC      	BRA         L_main3
0x0050	0x2E0B      	DECFSZ      R11, 1, 0
0x0052	0xD7FA      	BRA         L_main3
0x0054	0x0000      	NOP
0x0056	0x0000      	NOP
;PullUP_Interno.c,82 :: 		}
L_main2:
;PullUP_Interno.c,85 :: 		} //while
0x0058	0xD7EA      	BRA         L_main0
;PullUP_Interno.c,87 :: 		} // main
L_end_main:
0x005A	0xD7FF      	BRA         $+0
; end of _main
Symbol List:
//** Routines locations **
//ADDRESS    SIZE    PROCEDURE
//----------------------------------------------
0x001C      [64]    _main
//** Variables locations ** 
//ADDRESS    SIZE    VARIABLE
//----------------------------------------------
0x0000       [1]    R0
0x0001       [1]    R1
0x0002       [1]    R2
0x0003       [1]    R3
0x0004       [1]    R4
0x0005       [1]    R5
0x0006       [1]    R6
0x0007       [1]    R7
0x0008       [1]    R8
0x0009       [1]    R9
0x000A       [1]    R10
0x000B       [1]    R11
0x000C       [1]    R12
0x000D       [1]    R13
0x000E       [1]    R14
0x000F       [1]    R15
0x0010       [1]    R16
0x0011       [1]    R17
0x0012       [1]    R18
0x0013       [1]    R19
0x0014       [1]    R20
0x0F39       [1]    ANSELB
0x0F3B       [1]    ANSELD
0x0F61       [1]    WPUB
0x0F81       [1]    PORTB
0x0F83       [1]    PORTD
0x0F8C       [1]    LATD
0x0F93       [1]    TRISB
0x0F95       [1]    TRISD
0x0FD8       [1]    STATUS
0x0FD9       [1]    FSR2L
0x0FDA       [1]    FSR2H
0x0FDE       [1]    POSTINC2
0x0FE0       [1]    BSR
0x0FE1       [1]    FSR1L
0x0FE2       [1]    FSR1H
0x0FE4       [1]    PREINC1
0x0FE6       [1]    POSTINC1
0x0FE7       [1]    INDF1
0x0FE8       [1]    WREG
0x0FE9       [1]    FSR0L
0x0FEA       [1]    FSR0H
0x0FEE       [1]    POSTINC0
0x0FF1       [1]    INTCON2
0x0FF3       [1]    PRODL
0x0FF4       [1]    PRODH
0x0FF5       [1]    TABLAT
0x0FF6       [1]    TBLPTRL
0x0FF7       [1]    TBLPTRH
0x0FF8       [1]    TBLPTRU
